sipp: The following events occured:
2021-01-06	18:44:36:202	1609987476.202739: Call-Id: c4f8858-0-13c4-50022-25c048-c45b9ce-25c048, receive timeout on message Basic UAS responder:4, jumping to label 5.
2021-01-06	18:44:36:730	1609987476.730589: send_packets.c: sendto failed with error: Address family not supported by protocol.
2021-01-06	18:44:46:768	1609987486.768898: send_packets.c: sendto failed with error: Address family not supported by protocol.
2021-01-06	18:52:02:522	1609987922.522069: The minor watchdog timer 500ms has been tripped (502), 120 trips remaining..
2021-01-06	18:52:06:738	1609987926.738913: The minor watchdog timer 500ms has been tripped (552), 119 trips remaining..
2021-01-06	18:52:31:619	1609987951.619197: The minor watchdog timer 500ms has been tripped (533), 118 trips remaining..
2021-01-06	18:53:49:451	1609988029.451527: The minor watchdog timer 500ms has been tripped (635), 117 trips remaining..
2021-01-06	18:59:00:242	1609988340.242675: The minor watchdog timer 500ms has been tripped (603), 116 trips remaining..
2021-01-06	19:03:56:268	1609988636.268968: The minor watchdog timer 500ms has been tripped (646), 115 trips remaining..
2021-01-06	19:09:19:598	1609988959.598663: The minor watchdog timer 500ms has been tripped (752), 114 trips remaining..
2021-01-06	19:09:26:636	1609988966.636634: The minor watchdog timer 500ms has been tripped (1241), 113 trips remaining..
2021-01-06	19:09:32:850	1609988972.850303: The minor watchdog timer 500ms has been tripped (505), 112 trips remaining..
2021-01-06	19:19:33:182	1609989573.182412: Resetting watchdog timer trigger counts, as it has not been triggered in over 600332ms..
2021-01-06	19:20:36:662	1609989636.662926: The minor watchdog timer 500ms has been tripped (1312), 120 trips remaining..
2021-01-06	19:30:36:744	1609990236.744206: Resetting watchdog timer trigger counts, as it has not been triggered in over 600081ms..
2021-01-06	20:02:06:799	1609992126.799935: The minor watchdog timer 500ms has been tripped (1829), 120 trips remaining..
2021-01-06	20:02:09:582	1609992129.582418: The minor watchdog timer 500ms has been tripped (1133), 119 trips remaining..
2021-01-06	20:12:09:911	1609992729.911684: Resetting watchdog timer trigger counts, as it has not been triggered in over 600330ms..
2021-01-06	21:24:57:057	1609997097.057697: The minor watchdog timer 500ms has been tripped (530), 120 trips remaining..
2021-01-06	21:34:57:348	1609997697.348703: Resetting watchdog timer trigger counts, as it has not been triggered in over 600291ms..
2021-01-06	22:42:02:866	1610001722.866874: The minor watchdog timer 500ms has been tripped (1679), 120 trips remaining..
2021-01-06	22:52:03:040	1610002323.040030: Resetting watchdog timer trigger counts, as it has not been triggered in over 600173ms..
2021-01-07	03:30:21:873	1610019021.873783: The minor watchdog timer 500ms has been tripped (690), 120 trips remaining..
2021-01-07	03:33:18:288	1610019198.288087: The minor watchdog timer 500ms has been tripped (522), 119 trips remaining..
2021-01-07	03:43:18:417	1610019798.417231: Resetting watchdog timer trigger counts, as it has not been triggered in over 600129ms..
2021-01-07	08:52:32:435	1610038352.435629: The minor watchdog timer 500ms has been tripped (558), 120 trips remaining..
2021-01-07	09:02:32:730	1610038952.730285: Resetting watchdog timer trigger counts, as it has not been triggered in over 600295ms..
2021-01-07	09:11:54:078	1610039514.078843: The major watchdog timer 3000ms has been tripped (4841), 10 trips remaining..
2021-01-07	09:15:26:671	1610039726.671575: The minor watchdog timer 500ms has been tripped (583), 120 trips remaining..
2021-01-07	09:15:44:308	1610039744.308196: The minor watchdog timer 500ms has been tripped (582), 119 trips remaining..
2021-01-07	09:24:06:941	1610040246.941098: The minor watchdog timer 500ms has been tripped (795), 118 trips remaining..
2021-01-07	09:24:10:343	1610040250.343736: The minor watchdog timer 500ms has been tripped (578), 117 trips remaining..
2021-01-07	09:24:15:789	1610040255.789928: The minor watchdog timer 500ms has been tripped (589), 116 trips remaining..
2021-01-07	09:24:17:190	1610040257.190011: The minor watchdog timer 500ms has been tripped (580), 115 trips remaining..
2021-01-07	09:33:21:032	1610040801.032168: The minor watchdog timer 500ms has been tripped (547), 114 trips remaining..
2021-01-07	09:36:35:726	1610040995.726722: The minor watchdog timer 500ms has been tripped (1035), 113 trips remaining..
