----------------------------------------------- 2021-01-13 12:58:17:492.935
UDP message received [784] bytes :

INVITE tel:1234535552 SIP/2.0
From: "ua1 "<tel:123457700900002>;tag=bcbbe48-0-13c4-50022-7ad4-4aa5e4e-7ad4
To: <tel:1234535552>
Call-ID: be50f88-0-13c4-50022-7ad4-5f23e5b0-7ad4
CSeq: 1 INVITE
Via: SIP/2.0/UDP 127.0.0.1:5060;branch=z9hG4bK-7ad4-1dfcd62-447d2a88
Supported: 100rel,timer
Allow: INVITE,PRACK,UPDATE,ACK,CANCEL,BYE,INFO,OPTIONS
Date: Wed, 13 Jan 2021 20:58:17 GMT
User-Agent: I-Gate 4000 Edge SIP GW (,,)
Max-Forwards: 70
Contact: <sip:123457700900002@127.0.0.1:5060;user=phone>
Session-Expires: 1800;refresher=uac
Min-SE: 120
Content-Type: application/sdp
Content-Length: 177

v=0
o=HPE-AS 4217 2 IN IP4 10.170.101.7
s=-
c=IN IP4 255.255.255.255
t=0 0
m=audio 50060 RTP/AVP 0 8
c=IN IP4 255.255.255.255
a=rtpmap:0 PCMU/8000
a=rtpmap:8 PCMA/8000

----------------------------------------------- 2021-01-13 12:58:17:493.672
UDP message sent (323 bytes):

SIP/2.0 100 trying
Via: SIP/2.0/UDP 127.0.0.1:5060;branch=z9hG4bK-7ad4-1dfcd62-447d2a88
From: "ua1 "<tel:123457700900002>;tag=bcbbe48-0-13c4-50022-7ad4-4aa5e4e-7ad4
To: <tel:1234535552>
Call-ID: be50f88-0-13c4-50022-7ad4-5f23e5b0-7ad4
CSeq:  1 INVITE
Contact: <sip:127.0.0.1:5065;transport=UDP>
Content-Length: 0


UDP message voluntary lost (while sending).----------------------------------------------- 2021-01-13 12:58:18:53.922

----------------------------------------------- 2021-01-13 12:58:18:70.245
UDP message sent (743 bytes):

SIP/2.0 183 Call Progress
Via: SIP/2.0/UDP 127.0.0.1:5060;branch=z9hG4bK-7ad4-1dfcfa2-385086ad
From: "ua1 "<tel:123457700900002>;tag=bcbbe48-0-13c4-50022-7ad4-4aa5e4e-7ad4
To: <tel:1234535552>;tag=1-forked
Call-ID: be50f88-0-13c4-50022-7ad4-5f23e5b0-7ad4
CSeq:  1 INVITE
RSeq: 102
Require: 100rel
Contact: <sip:127.0.0.1:5065;transport=UDP>
Content-Type: application/sdp
Allow: REGISTER, REFER, NOTIFY, SUBSCRIBE, UPDATE, PRACK, INFO, INVITE, ACK, OPTIONS, CANCEL, BYE
Supported: timer, histinfo, 100rel, replaces, precondition, histinfo, record-aware
Content-Length:   154

v=0
o=HPE-AS 1988469054 4213746593 IN IP4 10.170.101.121
s=-
c=IN IP4 127.0.0.1
m=audio 6000 RTP/AVP 0 8
a=rtpmap:0 PCMU/8000
a=rtpmap:8 PCMA/8000

